<?xml version="1.0" encoding="UTF-8"?>
<testng-results skipped="0" failed="0" total="1" passed="1">
  <reporter-output>
  </reporter-output>
  <suite name="Suite" duration-ms="16741" started-at="2017-08-20T10:53:30Z" finished-at="2017-08-20T10:53:46Z">
    <groups>
      <group name="qa">
        <method signature="Script_Cart.Cart_AddBook(java.util.Map)[pri:0, instance:projectScripts.Script_Cart@1caeb3e]" name="Cart_AddBook" class="projectScripts.Script_Cart"/>
      </group> <!-- qa -->
      <group name="prod">
        <method signature="Script_Cart.Cart_AddBook(java.util.Map)[pri:0, instance:projectScripts.Script_Cart@1caeb3e]" name="Cart_AddBook" class="projectScripts.Script_Cart"/>
      </group> <!-- prod -->
      <group name="uat">
        <method signature="Script_Cart.Cart_AddBook(java.util.Map)[pri:0, instance:projectScripts.Script_Cart@1caeb3e]" name="Cart_AddBook" class="projectScripts.Script_Cart"/>
      </group> <!-- uat -->
    </groups>
    <test name="Test" duration-ms="16741" started-at="2017-08-20T10:53:30Z" finished-at="2017-08-20T10:53:46Z">
      <class name="projectScripts.Script_Cart">
        <test-method status="PASS" signature="initSetup()[pri:0, instance:projectScripts.Script_Cart@1caeb3e]" name="initSetup" is-config="true" duration-ms="203" started-at="2017-08-20T16:23:29Z" finished-at="2017-08-20T16:23:30Z">
          <reporter-output>
          </reporter-output>
        </test-method> <!-- initSetup -->
        <test-method status="PASS" signature="launchAPP(java.lang.String)[pri:0, instance:projectScripts.Script_Cart@1caeb3e]" name="launchAPP" is-config="true" duration-ms="6980" started-at="2017-08-20T16:23:30Z" finished-at="2017-08-20T16:23:37Z">
          <params>
            <param index="0">
              <value>
                <![CDATA[ff]]>
              </value>
            </param>
          </params>
          <reporter-output>
          </reporter-output>
        </test-method> <!-- launchAPP -->
        <test-method status="PASS" signature="Cart_AddBook(java.util.Map)[pri:0, instance:projectScripts.Script_Cart@1caeb3e]" name="Cart_AddBook" duration-ms="8483" started-at="2017-08-20T16:23:37Z" data-provider="commondp" finished-at="2017-08-20T16:23:46Z">
          <params>
            <param index="0">
              <value>
                <![CDATA[{Order=1.0, Execute=Y, ScriptName=AddBook, Searchoption=Flood and Fire, ID=GB_08}]]>
              </value>
            </param>
          </params>
          <reporter-output>
          </reporter-output>
        </test-method> <!-- Cart_AddBook -->
        <test-method status="PASS" signature="tearDown(org.testng.ITestResult)[pri:0, instance:projectScripts.Script_Cart@1caeb3e]" name="tearDown" is-config="true" duration-ms="731" started-at="2017-08-20T16:23:46Z" finished-at="2017-08-20T16:23:46Z">
          <params>
            <param index="0">
              <value>
                <![CDATA[[TestResult name=Cart_AddBook status=SUCCESS method=Script_Cart.Cart_AddBook(java.util.Map)[pri:0, instance:projectScripts.Script_Cart@1caeb3e] output={null}]]]>
              </value>
            </param>
          </params>
          <reporter-output>
          </reporter-output>
        </test-method> <!-- tearDown -->
      </class> <!-- projectScripts.Script_Cart -->
    </test> <!-- Test -->
  </suite> <!-- Suite -->
</testng-results>
